<?xml version="1.0" encoding="UTF-8"?>
<!-- Generated by org.testng.reporters.JUnitReportReporter -->
<testsuite hostname="WKMGB7594573" failures="0" tests="1" name="com.employeeapi.testCases.TC005_Delete_Employee_Record" time="0.002" errors="0" timestamp="24 May 2019 09:34:26 GMT" skipped="0">
  <testcase classname="com.employeeapi.testCases.TC005_Delete_Employee_Record" name="checkResponseBody" time="0.002"/>
</testsuite> <!-- com.employeeapi.testCases.TC005_Delete_Employee_Record -->
