<?xml version="1.0" encoding="UTF-8"?>
<!-- Generated by org.testng.reporters.JUnitReportReporter -->
<testsuite hostname="WKMGB7594573" failures="0" tests="1" name="com.employeeapi.testCases.TC004_Put_Employee" time="0.000" errors="0" timestamp="24 May 2019 09:34:26 GMT" skipped="0">
  <testcase classname="com.employeeapi.testCases.TC004_Put_Employee" name="checkStatusCode" time="0.000"/>
</testsuite> <!-- com.employeeapi.testCases.TC004_Put_Employee -->
